[GIN-debug] GET    /v1/                      --> cailiao_server/controllers.Hellow (5 handlers)
[GIN-debug] POST   /v1/login                 --> cailiao_server/controllers.UserLogin (4 handlers)
[GIN-debug] GET    /v1/login/status          --> cailiao_server/controllers.UserCheckLogin (4 handlers)
[GIN-debug] GET    /v1/users                 --> cailiao_server/controllers.UserGetAllUser (5 handlers)
[GIN-debug] POST   /v1/users                 --> cailiao_server/controllers.UserAddUser (5 handlers)
[GIN-debug] DELETE /v1/users/:id             --> cailiao_server/controllers.UserDeleteUserById (5 handlers)
[GIN-debug] GET    /v1/users/:id             --> cailiao_server/controllers.UserGetOneUserById (5 handlers)
[GIN-debug] PUT    /v1/users/:id             --> cailiao_server/controllers.UserUpdateUserById (5 handlers)
[GIN-debug] GET    /v1/places                --> cailiao_server/controllers.PlaceGetPlaceByPage (5 handlers)
[GIN-debug] GET    /v1/placesall             --> cailiao_server/controllers.PlaceGetAll (5 handlers)
[GIN-debug] DELETE /v1/places/:id            --> cailiao_server/controllers.PlaceDelById (5 handlers)
[GIN-debug] GET    /v1/places/:id            --> cailiao_server/controllers.PlaceGetOneById (5 handlers)
[GIN-debug] PUT    /v1/places/:id            --> cailiao_server/controllers.PlaceUpdateById (5 handlers)
[GIN-debug] POST   /v1/places                --> cailiao_server/controllers.PlaceAdd (5 handlers)
[GIN-debug] GET    /v1/material              --> cailiao_server/controllers.MaterialGetAllByPage (5 handlers)
[GIN-debug] POST   /v1/material              --> cailiao_server/controllers.MaterialAdd (5 handlers)
[GIN-debug] DELETE /v1/material/id/:id       --> cailiao_server/controllers.MaterialDelOneByID (5 handlers)
[GIN-debug] GET    /v1/material/id/:id       --> cailiao_server/controllers.MaterialGetOneById (5 handlers)
[GIN-debug] PUT    /v1/material/id/:id       --> cailiao_server/controllers.MaterialUpdateOneById (5 handlers)
[GIN-debug] GET    /v1/material/s            --> cailiao_server/controllers.MaterialSearch (5 handlers)
[GIN-debug] POST   /v1/record                --> cailiao_server/controllers.RecordAdd (5 handlers)
[GIN-debug] GET    /v1/record                --> cailiao_server/controllers.RecordGetAllByPageAndSearch (5 handlers)
[GIN-debug] GET    /v1/record/id/:id         --> cailiao_server/controllers.RecordGetAllByPageAndSearch (5 handlers)
[GIN-debug] DELETE /v1/record/id/:id         --> cailiao_server/controllers.RecordDelById (5 handlers)
[GIN-debug] Listening and serving HTTP on :7090
