2022/07/02 16:11:38.275  [I]  系统启动成功
2022/07/02 16:15:31.389  [I]  系统启动成功
2022/07/02 16:18:44.763  [I]  系统启动成功
2022/07/02 16:22:06.829  [I]  系统启动成功
2022/07/02 17:07:46.407  [I]  系统启动成功
2022/07/04 12:57:35.938  [I]  系统启动成功
2022/07/04 13:08:37.177  [I]  系统启动成功
2022/07/04 14:44:50.855  [I]  系统启动成功
2022/07/04 14:45:24.091  [I]  系统启动成功
2022/07/04 14:52:56.423  [I]  系统启动成功
2022/07/04 14:57:52.633  [I]  系统启动成功
2022/07/04 15:01:31.644  [I]  系统启动成功
2022/07/04 15:14:57.289  [I]  系统启动成功
2022/07/04 15:18:17.287  [I]  系统启动成功
2022/07/04 15:19:01.231  [I]  系统启动成功
2022/07/04 15:21:49.914  [I]  系统启动成功
2022/07/04 15:38:04.441  [I]  系统启动成功
2022/07/04 15:39:05.686  [I]  系统启动成功
2022/07/04 15:40:50.913  [I]  系统启动成功
2022/07/04 15:44:54.640  [I]  系统启动成功
2022/07/04 15:50:08.075  [I]  系统启动成功
2022/07/04 16:09:11.168  [I]  系统启动成功
2022/07/04 16:10:33.600  [I]  系统启动成功
2022/07/04 16:15:32.542  [I]  系统启动成功
2022/07/04 16:15:57.994  [I]  系统启动成功
2022/07/04 16:16:28.549  [I]  系统启动成功
2022/07/04 16:16:45.269  [I]  系统启动成功
2022/07/04 16:22:23.752  [I]  系统启动成功
2022/07/04 16:24:24.757  [I]  系统启动成功
2022/07/04 16:25:19.506  [I]  系统启动成功
2022/07/04 16:31:39.104  [I]  系统启动成功
2022/07/04 16:32:01.925  [I]  系统启动成功
2022/07/04 16:32:50.691  [I]  系统启动成功
2022/07/04 16:41:15.921  [I]  系统启动成功
2022/07/04 16:41:47.645  [I]  系统启动成功
2022/07/04 16:44:08.481  [I]  系统启动成功
2022/07/04 16:44:30.156  [I]  系统启动成功
2022/07/04 16:46:12.490  [I]  系统启动成功
2022/07/04 16:49:40.467  [I]  系统启动成功
2022/07/04 16:50:11.470  [I]  系统启动成功
2022/07/04 16:50:40.892  [I]  系统启动成功
2022/07/04 16:55:16.079  [I]  系统启动成功
2022/07/04 16:55:50.980  [I]  系统启动成功
2022/07/04 16:57:02.936  [I]  系统启动成功
2022/07/04 16:57:55.717  [I]  系统启动成功
2022/07/04 17:13:29.033  [I]  系统启动成功
2022/07/04 17:14:57.471  [I]  系统启动成功
2022/07/04 17:15:36.650  [I]  系统启动成功
2022/07/04 17:16:22.869  [I]  系统启动成功
2022/07/04 17:23:20.225  [I]  系统启动成功
2022/07/04 17:25:54.440  [I]  系统启动成功
2022/07/04 17:40:38.559  [I]  系统启动成功
2022/07/04 17:41:23.378  [I]  系统启动成功
2022/07/04 17:43:28.687  [I]  系统启动成功
2022/07/04 17:43:32.343  [I]  系统启动成功
2022/07/04 17:46:00.473  [I]  系统启动成功
2022/07/04 18:40:15.191  [I]  系统启动成功
2022/07/04 18:40:56.497  [I]  系统启动成功
2022/07/04 18:41:51.505  [I]  系统启动成功
2022/07/04 19:12:18.476  [I]  系统启动成功
2022/07/04 19:12:29.938  [I]  系统启动成功
2022/07/04 19:14:14.748  [I]  系统启动成功
2022/07/04 19:14:26.658  [I]  系统启动成功
2022/07/04 19:30:11.726  [I]  系统启动成功
2022/07/04 19:30:53.564  [I]  系统启动成功
2022/07/04 19:31:02.607  [I]  系统启动成功
2022/07/04 19:31:36.610  [I]  系统启动成功
2022/07/04 19:32:47.731  [I]  系统启动成功
2022/07/04 20:00:38.944  [I]  系统启动成功
2022/07/04 20:02:45.819  [I]  系统启动成功
2022/07/04 20:03:58.072  [I]  系统启动成功
2022/07/04 20:07:59.166  [I]  系统启动成功
2022/07/04 20:08:24.844  [I]  系统启动成功
2022/07/04 20:10:35.530  [I]  系统启动成功
2022/07/04 20:11:54.887  [I]  系统启动成功
2022/07/04 20:12:34.230  [I]  系统启动成功
2022/07/04 20:13:15.425  [I]  系统启动成功
2022/07/04 20:14:59.988  [I]  系统启动成功
2022/07/04 20:15:51.482  [I]  系统启动成功
2022/07/04 20:15:58.872  [I]  系统启动成功
2022/07/04 20:17:01.072  [I]  系统启动成功
2022/07/04 20:22:32.411  [I]  系统启动成功
2022/07/04 20:43:49.710  [I]  系统启动成功
2022/07/04 20:45:11.967  [I]  系统启动成功
2022/07/04 20:49:37.015  [I]  系统启动成功
2022/07/04 20:54:22.213  [I]  系统启动成功
2022/07/04 20:55:00.519  [I]  系统启动成功
2022/07/04 20:57:57.472  [I]  系统启动成功
2022/07/04 20:58:08.646  [I]  系统启动成功
2022/07/04 20:59:05.069  [I]  系统启动成功
2022/07/05 15:53:45.725  [I]  系统启动成功
2022/07/05 16:21:17.582  [I]  系统启动成功
2022/07/05 16:23:21.285  [I]  系统启动成功
2022/07/05 16:58:26.313  [I]  系统启动成功
2022/07/05 17:29:30.093  [I]  系统启动成功
2022/07/05 17:31:58.533  [I]  系统启动成功
2022/07/05 17:33:32.822  [I]  系统启动成功
2022/07/05 17:40:39.510  [I]  系统启动成功
2022/07/05 18:57:56.963  [I]  系统启动成功
2022/07/05 18:59:31.281  [I]  系统启动成功
2022/07/05 19:07:28.849  [I]  系统启动成功
2022/07/05 19:09:57.946  [I]  系统启动成功
2022/07/05 19:12:31.328  [I]  系统启动成功
2022/07/05 19:21:09.423  [I]  系统启动成功
2022/07/05 19:28:43.701  [I]  系统启动成功
2022/07/05 19:30:19.661  [I]  系统启动成功
2022/07/05 19:56:39.583  [I]  系统启动成功
2022/07/05 20:08:08.755  [I]  系统启动成功
2022/07/05 20:08:57.681  [I]  系统启动成功
2022/07/05 20:17:25.730  [I]  系统启动成功
2022/07/05 20:37:25.971  [I]  系统启动成功
2022/07/05 20:39:08.260  [I]  系统启动成功
2022/07/05 20:39:30.257  [I]  系统启动成功
2022/07/05 20:39:40.660  [I]  系统启动成功
2022/07/05 20:41:57.101  [I]  系统启动成功
2022/07/05 20:46:12.878  [I]  系统启动成功
2022/07/05 20:46:52.175  [I]  系统启动成功
2022/07/05 20:48:29.689  [I]  系统启动成功
2022/07/05 20:52:44.316  [I]  系统启动成功
2022/07/05 20:53:38.439  [I]  系统启动成功
2022/07/05 21:18:06.942  [I]  系统启动成功
2022/07/05 21:26:08.959  [I]  系统启动成功
2022/07/05 21:28:20.284  [I]  系统启动成功
2022/07/05 21:35:09.944  [I]  系统启动成功
2022/07/05 21:38:00.290  [I]  系统启动成功
2022/07/05 21:38:47.186  [I]  系统启动成功
2022/07/05 21:41:53.430  [I]  系统启动成功
2022/07/05 21:42:18.296  [I]  系统启动成功
2022/07/05 21:46:58.824  [I]  系统启动成功
2022/07/05 21:49:12.310  [I]  系统启动成功
2022/07/06 08:48:29.001  [I]  系统启动成功
2022/07/18 15:25:20.592  [I]  系统启动成功
2022/07/18 15:25:37.967  [I]  系统启动成功
2022/07/18 20:19:25.217  [I]  系统启动成功
2022/07/18 20:21:27.599  [I]  系统启动成功
2022/07/18 20:23:02.401  [I]  eyJhbGciOiJIUzI1NiIsInR5cCI6IkpXVCJ9.eyJwaG9uZSI6IjExMTExMTExMTExIiwicm9sZSI6ImFkbWluIiwidGltZSI6MTY1ODE0Njk4MX0.OVIbFB2M6KyqsnsSpi8IVSK-OOQYWaJnkRJPjNb7-h8
2022/07/18 20:27:59.674  [I]  系统启动成功
2022/07/18 20:32:29.970  [I]  系统启动成功
2022/07/18 20:36:41.703  [I]  系统启动成功
2022/07/18 20:52:54.797  [I]  系统启动成功
2022/07/18 20:53:03.103  [E]  mkdir ./uploads: Cannot create a file when that file already exists.
2022/07/18 20:53:03.103  [E]  mkdir ./logs: Cannot create a file when that file already exists.
2022/07/18 20:53:03.103  [E]  用户手机号错误
2022/07/18 20:55:36.384  [I]  系统启动成功
2022/07/18 20:55:53.913  [I]  系统启动成功
2022/07/18 20:55:56.162  [E]  mkdir ./uploads: Cannot create a file when that file already exists.
2022/07/18 20:55:56.162  [E]  mkdir ./logs: Cannot create a file when that file already exists.
2022/07/18 20:55:56.177  [E]  Error 1452: Cannot add or update a child row: a foreign key constraint fails (`cailiao`.`users`, CONSTRAINT `fk_users_car` FOREIGN KEY (`car_id`) REFERENCES `cars` (`id`))
2022/07/18 20:55:56.177  [E]  用户已存在
2022/07/18 20:57:02.384  [I]  系统启动成功
2022/07/18 20:57:05.225  [E]  mkdir ./uploads: Cannot create a file when that file already exists.
2022/07/18 20:57:05.225  [E]  mkdir ./logs: Cannot create a file when that file already exists.
2022/07/18 20:57:05.241  [E]  Error 1452: Cannot add or update a child row: a foreign key constraint fails (`cailiao`.`users`, CONSTRAINT `fk_users_car` FOREIGN KEY (`car_id`) REFERENCES `cars` (`id`))
2022/07/18 20:57:05.241  [E]  用户已存在
2022/07/18 21:00:06.012  [I]  系统启动成功
2022/07/18 21:00:24.828  [E]  mkdir ./uploads: Cannot create a file when that file already exists.
2022/07/18 21:00:24.829  [E]  mkdir ./logs: Cannot create a file when that file already exists.
2022/07/18 21:00:24.833  [I]  创建用户成功 [13]68520117723

2022/07/18 21:00:24.834  [I]  初始化账户:68520117723
 初始化密码:BRofbe
2022/07/18 21:00:37.753  [I]  eyJhbGciOiJIUzI1NiIsInR5cCI6IkpXVCJ9.eyJwaG9uZSI6IjExMTExMTExMTExIiwicm9sZSI6ImFkbWluIiwidGltZSI6MTY1ODE0Njk4MX0.OVIbFB2M6KyqsnsSpi8IVSK-OOQYWaJnkRJPjNb7-h8
2022/07/18 21:00:58.841  [I]  eyJhbGciOiJIUzI1NiIsInR5cCI6IkpXVCJ9.eyJwaG9uZSI6IjY4NTIwMTE3NzIzIiwicm9sZSI6ImFkbWluIiwidGltZSI6MTY1ODE0OTI1OH0.roRpMsEejV1F6-Ncbuob_lSxZV2NdfNkjHtj539n94Q
2022/07/18 21:07:00.845  [I]  系统启动成功
2022/07/18 21:07:05.392  [E]  mkdir ./uploads: Cannot create a file when that file already exists.
2022/07/18 21:07:05.392  [E]  mkdir ./logs: Cannot create a file when that file already exists.
2022/07/18 21:07:05.407  [E]  获取随机车号失败
2022/07/18 21:07:05.410  [E]  Error 1452: Cannot add or update a child row: a foreign key constraint fails (`cailiao`.`users`, CONSTRAINT `fk_users_car` FOREIGN KEY (`car_id`) REFERENCES `cars` (`id`))
2022/07/18 21:07:05.410  [E]  用户已存在
2022/07/18 21:07:32.318  [I]  系统启动成功
2022/07/18 21:07:35.246  [E]  mkdir ./uploads: Cannot create a file when that file already exists.
2022/07/18 21:07:35.246  [E]  mkdir ./logs: Cannot create a file when that file already exists.
2022/07/18 21:07:35.261  [E]  该车号已存在
2022/07/18 21:07:35.261  [E]  获取随机车号失败
2022/07/18 21:07:35.264  [E]  Error 1452: Cannot add or update a child row: a foreign key constraint fails (`cailiao`.`users`, CONSTRAINT `fk_users_car` FOREIGN KEY (`car_id`) REFERENCES `cars` (`id`))
2022/07/18 21:07:35.265  [E]  用户已存在
2022/07/18 21:08:11.067  [I]  系统启动成功
2022/07/18 21:08:19.289  [E]  mkdir ./uploads: Cannot create a file when that file already exists.
2022/07/18 21:08:19.289  [E]  mkdir ./logs: Cannot create a file when that file already exists.
2022/07/18 21:08:19.304  [E]  该车号已存在
2022/07/18 21:08:19.305  [E]  获取随机车号失败
2022/07/18 21:08:19.308  [E]  Error 1452: Cannot add or update a child row: a foreign key constraint fails (`cailiao`.`users`, CONSTRAINT `fk_users_car` FOREIGN KEY (`car_id`) REFERENCES `cars` (`id`))
2022/07/18 21:08:19.308  [E]  用户已存在
2022/07/18 21:08:53.889  [I]  系统启动成功
2022/07/18 21:08:57.657  [E]  mkdir ./uploads: Cannot create a file when that file already exists.
2022/07/18 21:08:57.657  [E]  mkdir ./logs: Cannot create a file when that file already exists.
2022/07/18 21:08:57.672  [E]  该车号已存在
2022/07/18 21:08:57.673  [E]  获取随机车号失败
2022/07/18 21:08:57.676  [E]  Error 1452: Cannot add or update a child row: a foreign key constraint fails (`cailiao`.`users`, CONSTRAINT `fk_users_car` FOREIGN KEY (`car_id`) REFERENCES `cars` (`id`))
2022/07/18 21:08:57.676  [E]  用户已存在
2022/07/18 21:09:52.180  [E]  mkdir ./uploads: Cannot create a file when that file already exists.
2022/07/18 21:09:52.180  [E]  mkdir ./logs: Cannot create a file when that file already exists.
2022/07/18 21:09:52.183  [E]  获取随机车号失败
2022/07/18 21:09:52.187  [E]  Error 1452: Cannot add or update a child row: a foreign key constraint fails (`cailiao`.`users`, CONSTRAINT `fk_users_car` FOREIGN KEY (`car_id`) REFERENCES `cars` (`id`))
2022/07/18 21:09:52.187  [E]  用户已存在
2022/07/18 21:10:32.473  [I]  系统启动成功
2022/07/18 21:10:35.456  [I]  eyJhbGciOiJIUzI1NiIsInR5cCI6IkpXVCJ9.eyJwaG9uZSI6IjY4NTIwMTE3NzIzIiwicm9sZSI6ImFkbWluIiwidGltZSI6MTY1ODE0OTI1OH0.roRpMsEejV1F6-Ncbuob_lSxZV2NdfNkjHtj539n94Q
2022/07/18 21:11:25.381  [E]  mkdir ./uploads: Cannot create a file when that file already exists.
2022/07/18 21:11:25.381  [E]  mkdir ./logs: Cannot create a file when that file already exists.
2022/07/18 21:11:25.396  [E]  获取随机车号失败
2022/07/18 21:11:25.399  [E]  Error 1452: Cannot add or update a child row: a foreign key constraint fails (`cailiao`.`users`, CONSTRAINT `fk_users_car` FOREIGN KEY (`car_id`) REFERENCES `cars` (`id`))
2022/07/18 21:11:25.399  [E]  用户已存在
2022/07/18 21:12:33.604  [I]  系统启动成功
2022/07/18 21:12:35.887  [E]  mkdir ./uploads: Cannot create a file when that file already exists.
2022/07/18 21:12:35.887  [E]  mkdir ./logs: Cannot create a file when that file already exists.
2022/07/18 21:12:35.903  [E]  该车号已存在
2022/07/18 21:12:35.906  [I]  创建用户成功 [20]17498931393

2022/07/18 21:12:35.906  [I]  初始化账户:17498931393
 初始化密码:ysLevK
2022/07/18 21:13:53.685  [E]  mkdir ./uploads: Cannot create a file when that file already exists.
2022/07/18 21:13:53.685  [E]  mkdir ./logs: Cannot create a file when that file already exists.
2022/07/18 21:13:53.703  [I]  创建用户成功 [21]78472713344

2022/07/18 21:13:53.704  [I]  初始化账户:78472713344
 初始化密码:UPjENc
2022/07/18 21:16:29.704  [I]  系统启动成功
2022/07/18 21:19:57.246  [I]  系统启动成功
2022/07/18 21:20:02.206  [E]  mkdir ./uploads: Cannot create a file when that file already exists.
2022/07/18 21:20:02.206  [E]  mkdir ./logs: Cannot create a file when that file already exists.
2022/07/18 21:20:02.221  [E]  该车号已存在
2022/07/18 21:20:02.224  [I]  创建用户成功 [22]47852092676

2022/07/18 21:20:02.224  [I]  初始化账户:47852092676 ||  初始化密码:dJiIck
2022/07/18 21:20:28.889  [I]  系统启动成功
2022/07/18 21:22:17.621  [I]  系统启动成功
2022/07/18 21:24:17.732  [I]  系统启动成功
2022/07/19 18:38:59.204  [I]  系统启动成功
2022/07/19 18:49:23.351  [I]  eyJhbGciOiJIUzI1NiIsInR5cCI6IkpXVCJ9.eyJwaG9uZSI6IjExMTExMTExMTExIiwicm9sZSI6ImFkbWluIiwidGltZSI6MTY1ODIyNzc2Mn0.cprZpfCb6cmpF3HJSLaEzGHrfZg5C7jdkut2X2nVRgU
2022/07/19 19:07:12.881  [I]  eyJhbGciOiJIUzI1NiIsInR5cCI6IkpXVCJ9.eyJwaG9uZSI6IjExMTExMTExMTExIiwicm9sZSI6ImFkbWluIiwidGltZSI6MTY1ODIyNzc2Mn0.cprZpfCb6cmpF3HJSLaEzGHrfZg5C7jdkut2X2nVRgU
2022/07/19 19:13:14.052  [I]  eyJhbGciOiJIUzI1NiIsInR5cCI6IkpXVCJ9.eyJwaG9uZSI6IjExMTExMTExMTExIiwicm9sZSI6ImFkbWluIiwidGltZSI6MTY1ODIyNzc2Mn0.cprZpfCb6cmpF3HJSLaEzGHrfZg5C7jdkut2X2nVRgU
2022/07/19 19:16:29.843  [I]  eyJhbGciOiJIUzI1NiIsInR5cCI6IkpXVCJ9.eyJwaG9uZSI6IjExMTExMTExMTExIiwicm9sZSI6ImFkbWluIiwidGltZSI6MTY1ODIyNzc2Mn0.cprZpfCb6cmpF3HJSLaEzGHrfZg5C7jdkut2X2nVRgU
2022/07/19 19:17:15.569  [I]  eyJhbGciOiJIUzI1NiIsInR5cCI6IkpXVCJ9.eyJwaG9uZSI6IjExMTExMTExMTExIiwicm9sZSI6ImFkbWluIiwidGltZSI6MTY1ODIyNzc2Mn0.cprZpfCb6cmpF3HJSLaEzGHrfZg5C7jdkut2X2nVRgU
2022/07/19 19:19:04.772  [I]  eyJhbGciOiJIUzI1NiIsInR5cCI6IkpXVCJ9.eyJwaG9uZSI6IjExMTExMTExMTExIiwicm9sZSI6ImFkbWluIiwidGltZSI6MTY1ODIyNzc2Mn0.cprZpfCb6cmpF3HJSLaEzGHrfZg5C7jdkut2X2nVRgU
2022/07/19 19:24:30.313  [I]  eyJhbGciOiJIUzI1NiIsInR5cCI6IkpXVCJ9.eyJwaG9uZSI6IjExMTExMTExMTExIiwicm9sZSI6ImFkbWluIiwidGltZSI6MTY1ODIyNzc2Mn0.cprZpfCb6cmpF3HJSLaEzGHrfZg5C7jdkut2X2nVRgU
2022/07/19 19:29:15.693  [I]  eyJhbGciOiJIUzI1NiIsInR5cCI6IkpXVCJ9.eyJwaG9uZSI6IjExMTExMTExMTExIiwicm9sZSI6ImFkbWluIiwidGltZSI6MTY1ODIyNzc2Mn0.cprZpfCb6cmpF3HJSLaEzGHrfZg5C7jdkut2X2nVRgU
2022/07/19 19:30:13.538  [I]  eyJhbGciOiJIUzI1NiIsInR5cCI6IkpXVCJ9.eyJwaG9uZSI6IjExMTExMTExMTExIiwicm9sZSI6ImFkbWluIiwidGltZSI6MTY1ODIyNzc2Mn0.cprZpfCb6cmpF3HJSLaEzGHrfZg5C7jdkut2X2nVRgU
2022/07/19 19:30:15.662  [I]  eyJhbGciOiJIUzI1NiIsInR5cCI6IkpXVCJ9.eyJwaG9uZSI6IjExMTExMTExMTExIiwicm9sZSI6ImFkbWluIiwidGltZSI6MTY1ODIyNzc2Mn0.cprZpfCb6cmpF3HJSLaEzGHrfZg5C7jdkut2X2nVRgU
2022/07/19 19:31:15.454  [I]  eyJhbGciOiJIUzI1NiIsInR5cCI6IkpXVCJ9.eyJwaG9uZSI6IjExMTExMTExMTExIiwicm9sZSI6ImFkbWluIiwidGltZSI6MTY1ODIyNzc2Mn0.cprZpfCb6cmpF3HJSLaEzGHrfZg5C7jdkut2X2nVRgU
2022/07/19 19:31:17.551  [I]  eyJhbGciOiJIUzI1NiIsInR5cCI6IkpXVCJ9.eyJwaG9uZSI6IjExMTExMTExMTExIiwicm9sZSI6ImFkbWluIiwidGltZSI6MTY1ODIyNzc2Mn0.cprZpfCb6cmpF3HJSLaEzGHrfZg5C7jdkut2X2nVRgU
2022/07/19 19:31:47.362  [I]  eyJhbGciOiJIUzI1NiIsInR5cCI6IkpXVCJ9.eyJwaG9uZSI6IjExMTExMTExMTExIiwicm9sZSI6ImFkbWluIiwidGltZSI6MTY1ODIyNzc2Mn0.cprZpfCb6cmpF3HJSLaEzGHrfZg5C7jdkut2X2nVRgU
2022/07/19 19:32:50.162  [I]  eyJhbGciOiJIUzI1NiIsInR5cCI6IkpXVCJ9.eyJwaG9uZSI6IjExMTExMTExMTExIiwicm9sZSI6ImFkbWluIiwidGltZSI6MTY1ODIyNzc2Mn0.cprZpfCb6cmpF3HJSLaEzGHrfZg5C7jdkut2X2nVRgU
2022/07/19 19:33:31.700  [I]  eyJhbGciOiJIUzI1NiIsInR5cCI6IkpXVCJ9.eyJwaG9uZSI6IjExMTExMTExMTExIiwicm9sZSI6ImFkbWluIiwidGltZSI6MTY1ODIyNzc2Mn0.cprZpfCb6cmpF3HJSLaEzGHrfZg5C7jdkut2X2nVRgU
2022/07/19 19:44:56.892  [I]  eyJhbGciOiJIUzI1NiIsInR5cCI6IkpXVCJ9.eyJwaG9uZSI6IjExMTExMTExMTExIiwicm9sZSI6ImFkbWluIiwidGltZSI6MTY1ODIyNzc2Mn0.cprZpfCb6cmpF3HJSLaEzGHrfZg5C7jdkut2X2nVRgU
2022/07/19 19:48:23.213  [I]  eyJhbGciOiJIUzI1NiIsInR5cCI6IkpXVCJ9.eyJwaG9uZSI6IjExMTExMTExMTExIiwicm9sZSI6ImFkbWluIiwidGltZSI6MTY1ODIyNzc2Mn0.cprZpfCb6cmpF3HJSLaEzGHrfZg5C7jdkut2X2nVRgU
2022/07/19 19:58:24.548  [I]  eyJhbGciOiJIUzI1NiIsInR5cCI6IkpXVCJ9.eyJwaG9uZSI6IjExMTExMTExMTExIiwicm9sZSI6ImFkbWluIiwidGltZSI6MTY1ODIyNzc2Mn0.cprZpfCb6cmpF3HJSLaEzGHrfZg5C7jdkut2X2nVRgU
2022/07/19 19:58:56.883  [I]  eyJhbGciOiJIUzI1NiIsInR5cCI6IkpXVCJ9.eyJwaG9uZSI6IjExMTExMTExMTExIiwicm9sZSI6ImFkbWluIiwidGltZSI6MTY1ODIyNzc2Mn0.cprZpfCb6cmpF3HJSLaEzGHrfZg5C7jdkut2X2nVRgU
2022/07/19 19:59:26.206  [I]  eyJhbGciOiJIUzI1NiIsInR5cCI6IkpXVCJ9.eyJwaG9uZSI6IjExMTExMTExMTExIiwicm9sZSI6ImFkbWluIiwidGltZSI6MTY1ODIyNzc2Mn0.cprZpfCb6cmpF3HJSLaEzGHrfZg5C7jdkut2X2nVRgU
2022/07/19 20:04:30.741  [E]  Error 1452: Cannot add or update a child row: a foreign key constraint fails (`cailiao`.`records`, CONSTRAINT `fk_records_material` FOREIGN KEY (`material_id`) REFERENCES `materials` (`id`))
2022/07/19 20:04:48.624  [E]  Error 1452: Cannot add or update a child row: a foreign key constraint fails (`cailiao`.`records`, CONSTRAINT `fk_records_material` FOREIGN KEY (`material_id`) REFERENCES `materials` (`id`))
2022/07/19 20:05:22.765  [E]  Error 1452: Cannot add or update a child row: a foreign key constraint fails (`cailiao`.`records`, CONSTRAINT `fk_records_material` FOREIGN KEY (`material_id`) REFERENCES `materials` (`id`))
2022/07/19 20:12:10.255  [I]  eyJhbGciOiJIUzI1NiIsInR5cCI6IkpXVCJ9.eyJwaG9uZSI6IjExMTExMTExMTExIiwicm9sZSI6ImFkbWluIiwidGltZSI6MTY1ODIyNzc2Mn0.cprZpfCb6cmpF3HJSLaEzGHrfZg5C7jdkut2X2nVRgU
2022/07/19 20:13:40.004  [I]  eyJhbGciOiJIUzI1NiIsInR5cCI6IkpXVCJ9.eyJwaG9uZSI6IjExMTExMTExMTExIiwicm9sZSI6ImFkbWluIiwidGltZSI6MTY1ODIyNzc2Mn0.cprZpfCb6cmpF3HJSLaEzGHrfZg5C7jdkut2X2nVRgU
2022/07/19 20:16:38.935  [I]  eyJhbGciOiJIUzI1NiIsInR5cCI6IkpXVCJ9.eyJwaG9uZSI6IjExMTExMTExMTExIiwicm9sZSI6ImFkbWluIiwidGltZSI6MTY1ODIyNzc2Mn0.cprZpfCb6cmpF3HJSLaEzGHrfZg5C7jdkut2X2nVRgU
2022/07/19 20:17:53.030  [I]  eyJhbGciOiJIUzI1NiIsInR5cCI6IkpXVCJ9.eyJwaG9uZSI6IjExMTExMTExMTExIiwicm9sZSI6ImFkbWluIiwidGltZSI6MTY1ODIyNzc2Mn0.cprZpfCb6cmpF3HJSLaEzGHrfZg5C7jdkut2X2nVRgU
2022/07/19 20:19:57.858  [I]  eyJhbGciOiJIUzI1NiIsInR5cCI6IkpXVCJ9.eyJwaG9uZSI6IjExMTExMTExMTExIiwicm9sZSI6ImFkbWluIiwidGltZSI6MTY1ODIyNzc2Mn0.cprZpfCb6cmpF3HJSLaEzGHrfZg5C7jdkut2X2nVRgU
2022/07/19 20:20:10.009  [I]  eyJhbGciOiJIUzI1NiIsInR5cCI6IkpXVCJ9.eyJwaG9uZSI6IjExMTExMTExMTExIiwicm9sZSI6ImFkbWluIiwidGltZSI6MTY1ODIyNzc2Mn0.cprZpfCb6cmpF3HJSLaEzGHrfZg5C7jdkut2X2nVRgU
2022/07/19 20:21:30.066  [I]  eyJhbGciOiJIUzI1NiIsInR5cCI6IkpXVCJ9.eyJwaG9uZSI6IjExMTExMTExMTExIiwicm9sZSI6ImFkbWluIiwidGltZSI6MTY1ODIyNzc2Mn0.cprZpfCb6cmpF3HJSLaEzGHrfZg5C7jdkut2X2nVRgU
2022/07/19 20:23:24.140  [I]  eyJhbGciOiJIUzI1NiIsInR5cCI6IkpXVCJ9.eyJwaG9uZSI6IjExMTExMTExMTExIiwicm9sZSI6ImFkbWluIiwidGltZSI6MTY1ODIyNzc2Mn0.cprZpfCb6cmpF3HJSLaEzGHrfZg5C7jdkut2X2nVRgU
2022/07/19 20:23:42.850  [I]  eyJhbGciOiJIUzI1NiIsInR5cCI6IkpXVCJ9.eyJwaG9uZSI6IjExMTExMTExMTExIiwicm9sZSI6ImFkbWluIiwidGltZSI6MTY1ODIyNzc2Mn0.cprZpfCb6cmpF3HJSLaEzGHrfZg5C7jdkut2X2nVRgU
2022/07/19 20:23:47.177  [I]  eyJhbGciOiJIUzI1NiIsInR5cCI6IkpXVCJ9.eyJwaG9uZSI6IjExMTExMTExMTExIiwicm9sZSI6ImFkbWluIiwidGltZSI6MTY1ODIyNzc2Mn0.cprZpfCb6cmpF3HJSLaEzGHrfZg5C7jdkut2X2nVRgU
2022/07/19 20:24:12.297  [I]  eyJhbGciOiJIUzI1NiIsInR5cCI6IkpXVCJ9.eyJwaG9uZSI6IjExMTExMTExMTExIiwicm9sZSI6ImFkbWluIiwidGltZSI6MTY1ODIyNzc2Mn0.cprZpfCb6cmpF3HJSLaEzGHrfZg5C7jdkut2X2nVRgU
2022/07/19 20:25:21.166  [I]  eyJhbGciOiJIUzI1NiIsInR5cCI6IkpXVCJ9.eyJwaG9uZSI6IjExMTExMTExMTExIiwicm9sZSI6ImFkbWluIiwidGltZSI6MTY1ODIyNzc2Mn0.cprZpfCb6cmpF3HJSLaEzGHrfZg5C7jdkut2X2nVRgU
2022/07/19 20:26:04.646  [I]  eyJhbGciOiJIUzI1NiIsInR5cCI6IkpXVCJ9.eyJwaG9uZSI6IjExMTExMTExMTExIiwicm9sZSI6ImFkbWluIiwidGltZSI6MTY1ODIyNzc2Mn0.cprZpfCb6cmpF3HJSLaEzGHrfZg5C7jdkut2X2nVRgU
2022/07/19 20:27:28.842  [I]  eyJhbGciOiJIUzI1NiIsInR5cCI6IkpXVCJ9.eyJwaG9uZSI6IjExMTExMTExMTExIiwicm9sZSI6ImFkbWluIiwidGltZSI6MTY1ODIyNzc2Mn0.cprZpfCb6cmpF3HJSLaEzGHrfZg5C7jdkut2X2nVRgU
2022/07/19 20:27:44.431  [I]  eyJhbGciOiJIUzI1NiIsInR5cCI6IkpXVCJ9.eyJwaG9uZSI6IjExMTExMTExMTExIiwicm9sZSI6ImFkbWluIiwidGltZSI6MTY1ODIyNzc2Mn0.cprZpfCb6cmpF3HJSLaEzGHrfZg5C7jdkut2X2nVRgU
2022/07/19 20:28:06.582  [I]  eyJhbGciOiJIUzI1NiIsInR5cCI6IkpXVCJ9.eyJwaG9uZSI6IjExMTExMTExMTExIiwicm9sZSI6ImFkbWluIiwidGltZSI6MTY1ODIyNzc2Mn0.cprZpfCb6cmpF3HJSLaEzGHrfZg5C7jdkut2X2nVRgU
2022/07/19 20:29:19.299  [I]  eyJhbGciOiJIUzI1NiIsInR5cCI6IkpXVCJ9.eyJwaG9uZSI6IjExMTExMTExMTExIiwicm9sZSI6ImFkbWluIiwidGltZSI6MTY1ODIyNzc2Mn0.cprZpfCb6cmpF3HJSLaEzGHrfZg5C7jdkut2X2nVRgU
2022/07/19 20:31:42.056  [I]  eyJhbGciOiJIUzI1NiIsInR5cCI6IkpXVCJ9.eyJwaG9uZSI6IjExMTExMTExMTExIiwicm9sZSI6ImFkbWluIiwidGltZSI6MTY1ODIyNzc2Mn0.cprZpfCb6cmpF3HJSLaEzGHrfZg5C7jdkut2X2nVRgU
2022/07/19 20:33:14.186  [I]  eyJhbGciOiJIUzI1NiIsInR5cCI6IkpXVCJ9.eyJwaG9uZSI6IjExMTExMTExMTExIiwicm9sZSI6ImFkbWluIiwidGltZSI6MTY1ODIyNzc2Mn0.cprZpfCb6cmpF3HJSLaEzGHrfZg5C7jdkut2X2nVRgU
2022/07/19 20:36:33.070  [I]  eyJhbGciOiJIUzI1NiIsInR5cCI6IkpXVCJ9.eyJwaG9uZSI6IjExMTExMTExMTExIiwicm9sZSI6ImFkbWluIiwidGltZSI6MTY1ODIyNzc2Mn0.cprZpfCb6cmpF3HJSLaEzGHrfZg5C7jdkut2X2nVRgU
2022/07/19 20:42:11.157  [I]  eyJhbGciOiJIUzI1NiIsInR5cCI6IkpXVCJ9.eyJwaG9uZSI6IjExMTExMTExMTExIiwicm9sZSI6ImFkbWluIiwidGltZSI6MTY1ODIyNzc2Mn0.cprZpfCb6cmpF3HJSLaEzGHrfZg5C7jdkut2X2nVRgU
2022/07/19 20:42:15.460  [I]  eyJhbGciOiJIUzI1NiIsInR5cCI6IkpXVCJ9.eyJwaG9uZSI6IjExMTExMTExMTExIiwicm9sZSI6ImFkbWluIiwidGltZSI6MTY1ODIyNzc2Mn0.cprZpfCb6cmpF3HJSLaEzGHrfZg5C7jdkut2X2nVRgU
2022/07/19 20:42:31.720  [I]  eyJhbGciOiJIUzI1NiIsInR5cCI6IkpXVCJ9.eyJwaG9uZSI6IjExMTExMTExMTExIiwicm9sZSI6ImFkbWluIiwidGltZSI6MTY1ODIyNzc2Mn0.cprZpfCb6cmpF3HJSLaEzGHrfZg5C7jdkut2X2nVRgU
2022/07/19 20:42:41.499  [I]  eyJhbGciOiJIUzI1NiIsInR5cCI6IkpXVCJ9.eyJwaG9uZSI6IjExMTExMTExMTExIiwicm9sZSI6ImFkbWluIiwidGltZSI6MTY1ODIyNzc2Mn0.cprZpfCb6cmpF3HJSLaEzGHrfZg5C7jdkut2X2nVRgU
2022/07/19 20:44:59.384  [I]  eyJhbGciOiJIUzI1NiIsInR5cCI6IkpXVCJ9.eyJwaG9uZSI6IjExMTExMTExMTExIiwicm9sZSI6ImFkbWluIiwidGltZSI6MTY1ODIyNzc2Mn0.cprZpfCb6cmpF3HJSLaEzGHrfZg5C7jdkut2X2nVRgU
2022/07/19 20:45:07.971  [I]  eyJhbGciOiJIUzI1NiIsInR5cCI6IkpXVCJ9.eyJwaG9uZSI6IjExMTExMTExMTExIiwicm9sZSI6ImFkbWluIiwidGltZSI6MTY1ODIyNzc2Mn0.cprZpfCb6cmpF3HJSLaEzGHrfZg5C7jdkut2X2nVRgU
2022/07/19 20:46:10.622  [I]  eyJhbGciOiJIUzI1NiIsInR5cCI6IkpXVCJ9.eyJwaG9uZSI6IjExMTExMTExMTExIiwicm9sZSI6ImFkbWluIiwidGltZSI6MTY1ODIyNzc2Mn0.cprZpfCb6cmpF3HJSLaEzGHrfZg5C7jdkut2X2nVRgU
2022/07/19 20:47:03.728  [I]  eyJhbGciOiJIUzI1NiIsInR5cCI6IkpXVCJ9.eyJwaG9uZSI6IjExMTExMTExMTExIiwicm9sZSI6ImFkbWluIiwidGltZSI6MTY1ODIyNzc2Mn0.cprZpfCb6cmpF3HJSLaEzGHrfZg5C7jdkut2X2nVRgU
2022/07/19 20:47:31.175  [I]  eyJhbGciOiJIUzI1NiIsInR5cCI6IkpXVCJ9.eyJwaG9uZSI6IjExMTExMTExMTExIiwicm9sZSI6ImFkbWluIiwidGltZSI6MTY1ODIyNzc2Mn0.cprZpfCb6cmpF3HJSLaEzGHrfZg5C7jdkut2X2nVRgU
2022/07/19 20:49:07.316  [I]  eyJhbGciOiJIUzI1NiIsInR5cCI6IkpXVCJ9.eyJwaG9uZSI6IjExMTExMTExMTExIiwicm9sZSI6ImFkbWluIiwidGltZSI6MTY1ODIyNzc2Mn0.cprZpfCb6cmpF3HJSLaEzGHrfZg5C7jdkut2X2nVRgU
2022/07/19 20:52:06.234  [I]  eyJhbGciOiJIUzI1NiIsInR5cCI6IkpXVCJ9.eyJwaG9uZSI6IjExMTExMTExMTExIiwicm9sZSI6ImFkbWluIiwidGltZSI6MTY1ODIyNzc2Mn0.cprZpfCb6cmpF3HJSLaEzGHrfZg5C7jdkut2X2nVRgU
2022/07/19 20:58:58.790  [I]  系统启动成功
2022/07/19 20:59:33.873  [I]  eyJhbGciOiJIUzI1NiIsInR5cCI6IkpXVCJ9.eyJwaG9uZSI6IjExMTExMTExMTExIiwicm9sZSI6ImFkbWluIiwidGltZSI6MTY1ODIyNzc2Mn0.cprZpfCb6cmpF3HJSLaEzGHrfZg5C7jdkut2X2nVRgU
2022/07/19 21:01:29.769  [I]  eyJhbGciOiJIUzI1NiIsInR5cCI6IkpXVCJ9.eyJwaG9uZSI6IjExMTExMTExMTExIiwicm9sZSI6ImFkbWluIiwidGltZSI6MTY1ODIyNzc2Mn0.cprZpfCb6cmpF3HJSLaEzGHrfZg5C7jdkut2X2nVRgU
2022/07/19 21:01:46.876  [I]  eyJhbGciOiJIUzI1NiIsInR5cCI6IkpXVCJ9.eyJwaG9uZSI6IjExMTExMTExMTExIiwicm9sZSI6ImFkbWluIiwidGltZSI6MTY1ODIyNzc2Mn0.cprZpfCb6cmpF3HJSLaEzGHrfZg5C7jdkut2X2nVRgU
2022/07/20 11:00:00.104  [I]  系统启动成功
2022/07/20 11:00:28.478  [I]  eyJhbGciOiJIUzI1NiIsInR5cCI6IkpXVCJ9.eyJwaG9uZSI6IjExMTExMTExMTExIiwicm9sZSI6ImFkbWluIiwidGltZSI6MTY1ODIyNzc2Mn0.cprZpfCb6cmpF3HJSLaEzGHrfZg5C7jdkut2X2nVRgU
2022/07/20 11:17:10.783  [I]  eyJhbGciOiJIUzI1NiIsInR5cCI6IkpXVCJ9.eyJwaG9uZSI6IjExMTExMTExMTExIiwicm9sZSI6ImFkbWluIiwidGltZSI6MTY1ODIyNzc2Mn0.cprZpfCb6cmpF3HJSLaEzGHrfZg5C7jdkut2X2nVRgU
2022/07/20 11:17:37.842  [I]  eyJhbGciOiJIUzI1NiIsInR5cCI6IkpXVCJ9.eyJwaG9uZSI6IjExMTExMTExMTExIiwicm9sZSI6ImFkbWluIiwidGltZSI6MTY1ODIyNzc2Mn0.cprZpfCb6cmpF3HJSLaEzGHrfZg5C7jdkut2X2nVRgU
2022/07/20 11:17:57.378  [I]  eyJhbGciOiJIUzI1NiIsInR5cCI6IkpXVCJ9.eyJwaG9uZSI6IjExMTExMTExMTExIiwicm9sZSI6ImFkbWluIiwidGltZSI6MTY1ODIyNzc2Mn0.cprZpfCb6cmpF3HJSLaEzGHrfZg5C7jdkut2X2nVRgU
2022/07/20 11:18:43.166  [I]  eyJhbGciOiJIUzI1NiIsInR5cCI6IkpXVCJ9.eyJwaG9uZSI6IjExMTExMTExMTExIiwicm9sZSI6ImFkbWluIiwidGltZSI6MTY1ODIyNzc2Mn0.cprZpfCb6cmpF3HJSLaEzGHrfZg5C7jdkut2X2nVRgU
2022/07/20 11:20:41.844  [I]  eyJhbGciOiJIUzI1NiIsInR5cCI6IkpXVCJ9.eyJwaG9uZSI6IjExMTExMTExMTExIiwicm9sZSI6ImFkbWluIiwidGltZSI6MTY1ODIyNzc2Mn0.cprZpfCb6cmpF3HJSLaEzGHrfZg5C7jdkut2X2nVRgU
2022/07/20 11:21:32.712  [I]  eyJhbGciOiJIUzI1NiIsInR5cCI6IkpXVCJ9.eyJwaG9uZSI6IjExMTExMTExMTExIiwicm9sZSI6ImFkbWluIiwidGltZSI6MTY1ODIyNzc2Mn0.cprZpfCb6cmpF3HJSLaEzGHrfZg5C7jdkut2X2nVRgU
2022/07/20 11:28:56.870  [I]  eyJhbGciOiJIUzI1NiIsInR5cCI6IkpXVCJ9.eyJwaG9uZSI6IjExMTExMTExMTExIiwicm9sZSI6ImFkbWluIiwidGltZSI6MTY1ODIyNzc2Mn0.cprZpfCb6cmpF3HJSLaEzGHrfZg5C7jdkut2X2nVRgU
2022/07/20 11:31:25.785  [I]  eyJhbGciOiJIUzI1NiIsInR5cCI6IkpXVCJ9.eyJwaG9uZSI6IjExMTExMTExMTExIiwicm9sZSI6ImFkbWluIiwidGltZSI6MTY1ODIyNzc2Mn0.cprZpfCb6cmpF3HJSLaEzGHrfZg5C7jdkut2X2nVRgU
2022/07/20 11:36:03.239  [I]  eyJhbGciOiJIUzI1NiIsInR5cCI6IkpXVCJ9.eyJwaG9uZSI6IjExMTExMTExMTExIiwicm9sZSI6ImFkbWluIiwidGltZSI6MTY1ODIyNzc2Mn0.cprZpfCb6cmpF3HJSLaEzGHrfZg5C7jdkut2X2nVRgU
2022/07/20 11:37:08.400  [I]  eyJhbGciOiJIUzI1NiIsInR5cCI6IkpXVCJ9.eyJwaG9uZSI6IjExMTExMTExMTExIiwicm9sZSI6ImFkbWluIiwidGltZSI6MTY1ODIyNzc2Mn0.cprZpfCb6cmpF3HJSLaEzGHrfZg5C7jdkut2X2nVRgU
2022/07/20 11:42:22.740  [I]  eyJhbGciOiJIUzI1NiIsInR5cCI6IkpXVCJ9.eyJwaG9uZSI6IjExMTExMTExMTExIiwicm9sZSI6ImFkbWluIiwidGltZSI6MTY1ODIyNzc2Mn0.cprZpfCb6cmpF3HJSLaEzGHrfZg5C7jdkut2X2nVRgU
2022/07/20 11:43:03.222  [I]  eyJhbGciOiJIUzI1NiIsInR5cCI6IkpXVCJ9.eyJwaG9uZSI6IjExMTExMTExMTExIiwicm9sZSI6ImFkbWluIiwidGltZSI6MTY1ODIyNzc2Mn0.cprZpfCb6cmpF3HJSLaEzGHrfZg5C7jdkut2X2nVRgU
2022/07/20 11:44:24.531  [I]  eyJhbGciOiJIUzI1NiIsInR5cCI6IkpXVCJ9.eyJwaG9uZSI6IjExMTExMTExMTExIiwicm9sZSI6ImFkbWluIiwidGltZSI6MTY1ODIyNzc2Mn0.cprZpfCb6cmpF3HJSLaEzGHrfZg5C7jdkut2X2nVRgU
2022/07/20 11:47:20.639  [I]  eyJhbGciOiJIUzI1NiIsInR5cCI6IkpXVCJ9.eyJwaG9uZSI6IjExMTExMTExMTExIiwicm9sZSI6ImFkbWluIiwidGltZSI6MTY1ODIyNzc2Mn0.cprZpfCb6cmpF3HJSLaEzGHrfZg5C7jdkut2X2nVRgU
2022/07/20 11:47:43.170  [I]  eyJhbGciOiJIUzI1NiIsInR5cCI6IkpXVCJ9.eyJwaG9uZSI6IjExMTExMTExMTExIiwicm9sZSI6ImFkbWluIiwidGltZSI6MTY1ODIyNzc2Mn0.cprZpfCb6cmpF3HJSLaEzGHrfZg5C7jdkut2X2nVRgU
2022/07/20 11:53:47.217  [I]  eyJhbGciOiJIUzI1NiIsInR5cCI6IkpXVCJ9.eyJwaG9uZSI6IjExMTExMTExMTExIiwicm9sZSI6ImFkbWluIiwidGltZSI6MTY1ODIyNzc2Mn0.cprZpfCb6cmpF3HJSLaEzGHrfZg5C7jdkut2X2nVRgU
2022/07/20 11:54:00.672  [I]  eyJhbGciOiJIUzI1NiIsInR5cCI6IkpXVCJ9.eyJwaG9uZSI6IjExMTExMTExMTExIiwicm9sZSI6ImFkbWluIiwidGltZSI6MTY1ODIyNzc2Mn0.cprZpfCb6cmpF3HJSLaEzGHrfZg5C7jdkut2X2nVRgU
2022/07/20 11:55:53.997  [I]  eyJhbGciOiJIUzI1NiIsInR5cCI6IkpXVCJ9.eyJwaG9uZSI6IjExMTExMTExMTExIiwicm9sZSI6ImFkbWluIiwidGltZSI6MTY1ODIyNzc2Mn0.cprZpfCb6cmpF3HJSLaEzGHrfZg5C7jdkut2X2nVRgU
2022/07/20 12:02:34.999  [I]  eyJhbGciOiJIUzI1NiIsInR5cCI6IkpXVCJ9.eyJwaG9uZSI6IjExMTExMTExMTExIiwicm9sZSI6ImFkbWluIiwidGltZSI6MTY1ODIyNzc2Mn0.cprZpfCb6cmpF3HJSLaEzGHrfZg5C7jdkut2X2nVRgU
2022/07/20 12:03:05.242  [I]  eyJhbGciOiJIUzI1NiIsInR5cCI6IkpXVCJ9.eyJwaG9uZSI6IjExMTExMTExMTExIiwicm9sZSI6ImFkbWluIiwidGltZSI6MTY1ODIyNzc2Mn0.cprZpfCb6cmpF3HJSLaEzGHrfZg5C7jdkut2X2nVRgU
2022/07/20 12:04:05.174  [I]  eyJhbGciOiJIUzI1NiIsInR5cCI6IkpXVCJ9.eyJwaG9uZSI6IjExMTExMTExMTExIiwicm9sZSI6ImFkbWluIiwidGltZSI6MTY1ODIyNzc2Mn0.cprZpfCb6cmpF3HJSLaEzGHrfZg5C7jdkut2X2nVRgU
2022/07/20 12:04:14.429  [I]  eyJhbGciOiJIUzI1NiIsInR5cCI6IkpXVCJ9.eyJwaG9uZSI6IjExMTExMTExMTExIiwicm9sZSI6ImFkbWluIiwidGltZSI6MTY1ODIyNzc2Mn0.cprZpfCb6cmpF3HJSLaEzGHrfZg5C7jdkut2X2nVRgU
2022/07/20 12:05:04.212  [I]  eyJhbGciOiJIUzI1NiIsInR5cCI6IkpXVCJ9.eyJwaG9uZSI6IjExMTExMTExMTExIiwicm9sZSI6ImFkbWluIiwidGltZSI6MTY1ODIyNzc2Mn0.cprZpfCb6cmpF3HJSLaEzGHrfZg5C7jdkut2X2nVRgU
2022/07/20 12:06:05.880  [I]  eyJhbGciOiJIUzI1NiIsInR5cCI6IkpXVCJ9.eyJwaG9uZSI6IjExMTExMTExMTExIiwicm9sZSI6ImFkbWluIiwidGltZSI6MTY1ODIyNzc2Mn0.cprZpfCb6cmpF3HJSLaEzGHrfZg5C7jdkut2X2nVRgU
2022/07/20 12:06:40.158  [I]  eyJhbGciOiJIUzI1NiIsInR5cCI6IkpXVCJ9.eyJwaG9uZSI6IjExMTExMTExMTExIiwicm9sZSI6ImFkbWluIiwidGltZSI6MTY1ODIyNzc2Mn0.cprZpfCb6cmpF3HJSLaEzGHrfZg5C7jdkut2X2nVRgU
2022/07/20 12:06:52.935  [I]  eyJhbGciOiJIUzI1NiIsInR5cCI6IkpXVCJ9.eyJwaG9uZSI6IjExMTExMTExMTExIiwicm9sZSI6ImFkbWluIiwidGltZSI6MTY1ODIyNzc2Mn0.cprZpfCb6cmpF3HJSLaEzGHrfZg5C7jdkut2X2nVRgU
2022/07/20 12:08:51.506  [I]  eyJhbGciOiJIUzI1NiIsInR5cCI6IkpXVCJ9.eyJwaG9uZSI6IjExMTExMTExMTExIiwicm9sZSI6ImFkbWluIiwidGltZSI6MTY1ODIyNzc2Mn0.cprZpfCb6cmpF3HJSLaEzGHrfZg5C7jdkut2X2nVRgU
2022/07/21 16:02:02.979  [I]  系统启动成功
2022/07/21 16:03:00.511  [I]  系统启动成功
2022/07/21 16:03:40.392  [I]  eyJhbGciOiJIUzI1NiIsInR5cCI6IkpXVCJ9.eyJwaG9uZSI6IjExMTExMTExMTExIiwicm9sZSI6ImFkbWluIiwidGltZSI6MTY1ODM5MDYxOX0.Vf57cmRG7oeNZOta2Zl-sFfvp7Lysxr7uk6roqeGoGQ
2022/07/21 16:11:00.705  [I]  系统启动成功
2022/07/21 16:13:57.635  [I]  系统启动成功
2022/07/21 16:14:07.246  [I]  eyJhbGciOiJIUzI1NiIsInR5cCI6IkpXVCJ9.eyJwaG9uZSI6IjExMTExMTExMTExIiwicm9sZSI6ImFkbWluIiwidGltZSI6MTY1ODM5MDYxOX0.Vf57cmRG7oeNZOta2Zl-sFfvp7Lysxr7uk6roqeGoGQ
2022/07/21 16:14:28.807  [I]  系统启动成功
2022/07/21 16:15:03.963  [I]  系统启动成功
2022/07/21 16:23:28.254  [I]  系统启动成功
